Flow report for niosv_soc_epcs_sdram_iic_freertos_top
Tue Oct  1 21:22:38 2024
Quartus Prime Version 23.1std.1 Build 993 05/14/2024 SC Standard Edition


---------------------
; Table of Contents ;
---------------------
  1. Legal Notice
  2. Flow Summary
  3. Flow Settings
  4. Flow Non-Default Global Settings
  5. Flow Elapsed Time
  6. Flow OS Summary
  7. Flow Log
  8. Flow Messages
  9. Flow Suppressed Messages



----------------
; Legal Notice ;
----------------
Copyright (C) 2024  Intel Corporation. All rights reserved.
Your use of Intel Corporation's design tools, logic functions 
and other software and tools, and any partner logic 
functions, and any output files from any of the foregoing 
(including device programming or simulation files), and any 
associated documentation or information are expressly subject 
to the terms and conditions of the Intel Program License 
Subscription Agreement, the Intel Quartus Prime License Agreement,
the Intel FPGA IP License Agreement, or other applicable license
agreement, including, without limitation, that your use is for
the sole purpose of programming logic devices manufactured by
Intel and sold by Intel or its authorized distributors.  Please
refer to the applicable agreement for further details, at
https://fpgasoftware.intel.com/eula.



+-----------------------------------------------------------------------------------------+
; Flow Summary                                                                            ;
+------------------------------------+----------------------------------------------------+
; Flow Status                        ; Successful - Tue Oct  1 21:22:38 2024              ;
; Quartus Prime Version              ; 23.1std.1 Build 993 05/14/2024 SC Standard Edition ;
; Revision Name                      ; niosv_soc_epcs_sdram_iic_freertos_top              ;
; Top-level Entity Name              ; niosv_soc_epcs_sdram_iic_freertos_top              ;
; Family                             ; Cyclone IV E                                       ;
; Device                             ; EP4CE22F17C6                                       ;
; Timing Models                      ; Final                                              ;
; Total logic elements               ; 8,358 / 22,320 ( 37 % )                            ;
;     Total combinational functions  ; 7,094 / 22,320 ( 32 % )                            ;
;     Dedicated logic registers      ; 4,827 / 22,320 ( 22 % )                            ;
; Total registers                    ; 4896                                               ;
; Total pins                         ; 60 / 154 ( 39 % )                                  ;
; Total virtual pins                 ; 0                                                  ;
; Total memory bits                  ; 7,760 / 608,256 ( 1 % )                            ;
; Embedded Multiplier 9-bit elements ; 0 / 132 ( 0 % )                                    ;
; Total PLLs                         ; 1 / 4 ( 25 % )                                     ;
+------------------------------------+----------------------------------------------------+


+-----------------------------------------------------------+
; Flow Settings                                             ;
+-------------------+---------------------------------------+
; Option            ; Setting                               ;
+-------------------+---------------------------------------+
; Start date & time ; 10/01/2024 21:20:52                   ;
; Main task         ; Compilation                           ;
; Revision Name     ; niosv_soc_epcs_sdram_iic_freertos_top ;
+-------------------+---------------------------------------+


+----------------------------------------------------------------------------------------------------------------------------------------------------------------------+
; Flow Non-Default Global Settings                                                                                                                                     ;
+--------------------------------------+-------------------------------------------------------------+---------------+-------------+-----------------------------------+
; Assignment Name                      ; Value                                                       ; Default Value ; Entity Name ; Section Id                        ;
+--------------------------------------+-------------------------------------------------------------+---------------+-------------+-----------------------------------+
; COMPILER_SIGNATURE_ID                ; 198208559413777.172780685240752                             ; --            ; --          ; --                                ;
; EDA_DESIGN_ENTRY_SYNTHESIS_TOOL      ; Precision Synthesis                                         ; <None>        ; --          ; --                                ;
; EDA_GENERATE_FUNCTIONAL_NETLIST      ; Off                                                         ; --            ; --          ; eda_board_design_timing           ;
; EDA_GENERATE_FUNCTIONAL_NETLIST      ; Off                                                         ; --            ; --          ; eda_board_design_boundary_scan    ;
; EDA_GENERATE_FUNCTIONAL_NETLIST      ; Off                                                         ; --            ; --          ; eda_board_design_signal_integrity ;
; EDA_GENERATE_FUNCTIONAL_NETLIST      ; Off                                                         ; --            ; --          ; eda_board_design_symbol           ;
; EDA_INPUT_DATA_FORMAT                ; Vqm                                                         ; --            ; --          ; eda_design_synthesis              ;
; EDA_LMF_FILE                         ; mentor.lmf                                                  ; --            ; --          ; eda_design_synthesis              ;
; EDA_OUTPUT_DATA_FORMAT               ; Systemverilog Hdl                                           ; --            ; --          ; eda_simulation                    ;
; EDA_SIMULATION_TOOL                  ; Questa Intel FPGA (SystemVerilog)                           ; <None>        ; --          ; --                                ;
; EDA_TIME_SCALE                       ; 1 ps                                                        ; --            ; --          ; eda_simulation                    ;
; FITTER_EFFORT                        ; Standard Fit                                                ; Auto Fit      ; --          ; --                                ;
; MAX_CORE_JUNCTION_TEMP               ; 85                                                          ; --            ; --          ; --                                ;
; MIN_CORE_JUNCTION_TEMP               ; 0                                                           ; --            ; --          ; --                                ;
; MISC_FILE                            ; ../qsys/NIOSV_SOC/synthesis/../NIOSV_SOC.cmp                ; --            ; --          ; --                                ;
; MISC_FILE                            ; ../qsys/NIOSV_SOC/synthesis/../../NIOSV_SOC.qsys            ; --            ; --          ; --                                ;
; NOMINAL_CORE_SUPPLY_VOLTAGE          ; 1.2V                                                        ; --            ; --          ; --                                ;
; OPTIMIZATION_MODE                    ; High Performance Effort                                     ; Balanced      ; --          ; --                                ;
; OUTPUT_IO_TIMING_FAR_END_VMEAS       ; Half Signal Swing                                           ; --            ; --          ; --                                ;
; OUTPUT_IO_TIMING_FAR_END_VMEAS       ; Half Signal Swing                                           ; --            ; --          ; --                                ;
; OUTPUT_IO_TIMING_NEAR_END_VMEAS      ; Half Vccio                                                  ; --            ; --          ; --                                ;
; OUTPUT_IO_TIMING_NEAR_END_VMEAS      ; Half Vccio                                                  ; --            ; --          ; --                                ;
; PARTITION_COLOR                      ; -- (Not supported for targeted family)                      ; --            ; --          ; Top                               ;
; PARTITION_FITTER_PRESERVATION_LEVEL  ; -- (Not supported for targeted family)                      ; --            ; --          ; Top                               ;
; PARTITION_NETLIST_TYPE               ; -- (Not supported for targeted family)                      ; --            ; --          ; Top                               ;
; PHYSICAL_SYNTHESIS_COMBO_LOGIC       ; On                                                          ; Off           ; --          ; --                                ;
; PHYSICAL_SYNTHESIS_REGISTER_RETIMING ; On                                                          ; Off           ; --          ; --                                ;
; PLACEMENT_EFFORT_MULTIPLIER          ; 4.0                                                         ; 1.0           ; --          ; --                                ;
; POWER_BOARD_THERMAL_MODEL            ; None (CONSERVATIVE)                                         ; --            ; --          ; --                                ;
; POWER_PRESET_COOLING_SOLUTION        ; 23 MM HEAT SINK WITH 200 LFPM AIRFLOW                       ; --            ; --          ; --                                ;
; PROJECT_OUTPUT_DIRECTORY             ; output_files                                                ; --            ; --          ; --                                ;
; ROUTER_TIMING_OPTIMIZATION_LEVEL     ; MAXIMUM                                                     ; Normal        ; --          ; --                                ;
; SLD_FILE                             ; ../qsys/NIOSV_SOC/synthesis/NIOSV_SOC.regmap                ; --            ; --          ; --                                ;
; SLD_FILE                             ; ../qsys/NIOSV_SOC/synthesis/NIOSV_SOC.debuginfo             ; --            ; --          ; --                                ;
; SLD_INFO                             ; QSYS_NAME NIOSV_SOC HAS_SOPCINFO 1 GENERATION_ID 1727806792 ; --            ; NIOSV_SOC   ; --                                ;
; SOPCINFO_FILE                        ; ../qsys/NIOSV_SOC/synthesis/../../NIOSV_SOC.sopcinfo        ; --            ; --          ; --                                ;
; SYNTHESIS_ONLY_QIP                   ; On                                                          ; --            ; --          ; --                                ;
; VERILOG_INPUT_VERSION                ; SystemVerilog_2005                                          ; Verilog_2001  ; --          ; --                                ;
; VERILOG_SHOW_LMF_MAPPING_MESSAGES    ; Off                                                         ; --            ; --          ; --                                ;
; VHDL_INPUT_VERSION                   ; VHDL_2008                                                   ; VHDL_1993     ; --          ; --                                ;
; VHDL_SHOW_LMF_MAPPING_MESSAGES       ; Off                                                         ; --            ; --          ; --                                ;
+--------------------------------------+-------------------------------------------------------------+---------------+-------------+-----------------------------------+


+--------------------------------------------------------------------------------------------------------------------------+
; Flow Elapsed Time                                                                                                        ;
+----------------------+--------------+-------------------------+---------------------+------------------------------------+
; Module Name          ; Elapsed Time ; Average Processors Used ; Peak Virtual Memory ; Total CPU Time (on all processors) ;
+----------------------+--------------+-------------------------+---------------------+------------------------------------+
; Analysis & Synthesis ; 00:00:45     ; 1.0                     ; 5150 MB             ; 00:01:00                           ;
; Fitter               ; 00:00:43     ; 1.3                     ; 6525 MB             ; 00:01:56                           ;
; Assembler            ; 00:00:04     ; 1.0                     ; 4739 MB             ; 00:00:04                           ;
; Timing Analyzer      ; 00:00:03     ; 1.9                     ; 5015 MB             ; 00:00:05                           ;
; EDA Netlist Writer   ; 00:00:03     ; 1.0                     ; 4698 MB             ; 00:00:03                           ;
; Total                ; 00:01:38     ; --                      ; --                  ; 00:03:08                           ;
+----------------------+--------------+-------------------------+---------------------+------------------------------------+


+------------------------------------------------------------------------------------+
; Flow OS Summary                                                                    ;
+----------------------+------------------+------------+------------+----------------+
; Module Name          ; Machine Hostname ; OS Name    ; OS Version ; Processor type ;
+----------------------+------------------+------------+------------+----------------+
; Analysis & Synthesis ; DESKTOP-L5V7KU1  ; Windows 10 ; 10.0       ; x86_64         ;
; Fitter               ; DESKTOP-L5V7KU1  ; Windows 10 ; 10.0       ; x86_64         ;
; Assembler            ; DESKTOP-L5V7KU1  ; Windows 10 ; 10.0       ; x86_64         ;
; Timing Analyzer      ; DESKTOP-L5V7KU1  ; Windows 10 ; 10.0       ; x86_64         ;
; EDA Netlist Writer   ; DESKTOP-L5V7KU1  ; Windows 10 ; 10.0       ; x86_64         ;
+----------------------+------------------+------------+------------+----------------+


------------
; Flow Log ;
------------
quartus_map --read_settings_files=on --write_settings_files=off niosv_soc_epcs_sdram_iic_freertos -c niosv_soc_epcs_sdram_iic_freertos_top
quartus_fit --read_settings_files=off --write_settings_files=off niosv_soc_epcs_sdram_iic_freertos -c niosv_soc_epcs_sdram_iic_freertos_top
quartus_asm --read_settings_files=off --write_settings_files=off niosv_soc_epcs_sdram_iic_freertos -c niosv_soc_epcs_sdram_iic_freertos_top
quartus_sta niosv_soc_epcs_sdram_iic_freertos -c niosv_soc_epcs_sdram_iic_freertos_top
quartus_eda --read_settings_files=off --write_settings_files=off niosv_soc_epcs_sdram_iic_freertos -c niosv_soc_epcs_sdram_iic_freertos_top



